#
# There is insufficient memory for the Java Runtime Environment to continue.
# Native memory allocation (mmap) failed to map 536870912 bytes for G1 virtual space
# Possible reasons:
#   The system is out of physical RAM or swap space
#   The process is running with CompressedOops enabled, and the Java Heap may be blocking the growth of the native heap
# Possible solutions:
#   Reduce memory load on the system
#   Increase physical memory or swap space
#   Check if swap backing store is full
#   Decrease Java heap size (-Xmx/-Xms)
#   Decrease number of Java threads
#   Decrease Java thread stack sizes (-Xss)
#   Set larger code cache with -XX:ReservedCodeCacheSize=
#   JVM is running with Zero Based Compressed Oops mode in which the Java heap is
#     placed in the first 32GB address space. The Java Heap base address is the
#     maximum limit for the native heap growth. Please use -XX:HeapBaseMinAddress
#     to set the Java Heap base and to place the Java Heap above 32GB virtual address.
# This output file may be truncated or incomplete.
#
#  Out of Memory Error (os_windows.cpp:3469), pid=11404, tid=13824
#
# JRE version:  (17.0.1+12) (build )
# Java VM: Java HotSpot(TM) 64-Bit Server VM (17.0.1+12-LTS-39, mixed mode, sharing, tiered, compressed oops, compressed class ptrs, g1 gc, windows-amd64)
# No core dump will be written. Minidumps are not enabled by default on client versions of Windows
#

---------------  S U M M A R Y ------------

Command Line: -javaagent:C:\Users\lambr\AppData\Local\JetBrains\Toolbox\apps\IDEA-C\ch-0\203.8084.24\lib\idea_rt.jar=49916:C:\Users\lambr\AppData\Local\JetBrains\Toolbox\apps\IDEA-C\ch-0\203.8084.24\bin -Dfile.encoding=UTF-8 Main

Host: AMD Ryzen 7 3700X 8-Core Processor             , 16 cores, 31G,  Windows 10 , 64 bit Build 19041 (10.0.19041.1466)
Time: Thu Feb 10 16:36:58 2022 GTB Standard Time elapsed time: 0.011159 seconds (0d 0h 0m 0s)

---------------  T H R E A D  ---------------

Current thread (0x0000021a8aedc270):  JavaThread "Unknown thread" [_thread_in_vm, id=13824, stack(0x0000005c0a400000,0x0000005c0a500000)]

Stack: [0x0000005c0a400000,0x0000005c0a500000]
Native frames: (J=compiled Java code, j=interpreted, Vv=VM code, C=native code)
V  [jvm.dll+0x66fa1a]
V  [jvm.dll+0x7ce5a4]
V  [jvm.dll+0x7cfd4e]
V  [jvm.dll+0x7d03b3]
V  [jvm.dll+0x242b05]
V  [jvm.dll+0x66ca39]
V  [jvm.dll+0x661502]
V  [jvm.dll+0x30081b]
V  [jvm.dll+0x307da6]
V  [jvm.dll+0x357a1e]
V  [jvm.dll+0x357c4f]
V  [jvm.dll+0x2d7ad8]
V  [jvm.dll+0x2d8a44]
V  [jvm.dll+0x7a01e1]
V  [jvm.dll+0x365791]
V  [jvm.dll+0x77f6cc]
V  [jvm.dll+0x3e812f]
V  [jvm.dll+0x3e9bd1]
C  [jli.dll+0x527b]
C  [ucrtbase.dll+0x21bb2]
C  [KERNEL32.DLL+0x17034]
C  [ntdll.dll+0x52651]


---------------  P R O C E S S  ---------------

Threads class SMR info:
_java_thread_list=0x00007fff528d7818, length=0, elements={
}

Java Threads: ( => current thread )

Other Threads:
  0x0000021a8af51f00 GCTaskThread "GC Thread#0" [stack: 0x0000005c0a500000,0x0000005c0a600000] [id=11880]
  0x0000021a8af63de0 ConcurrentGCThread "G1 Main Marker" [stack: 0x0000005c0a600000,0x0000005c0a700000] [id=17324]
  0x0000021a8af64f90 ConcurrentGCThread "G1 Conc#0" [stack: 0x0000005c0a700000,0x0000005c0a800000] [id=13260]

[error occurred during error reporting (printing all threads), id 0xc0000005, EXCEPTION_ACCESS_VIOLATION (0xc0000005) at pc=0x00007fff521284b7]

VM state: not at safepoint (not fully initialized)

VM Mutex/Monitor currently owned by a thread:  ([mutex/lock_event])
[0x0000021a8aed9590] Heap_lock - owner thread: 0x0000021a8aedc270

Heap address: 0x0000000600c00000, size: 8180 MB, Compressed Oops mode: Zero based, Oop shift amount: 3

CDS archive(s) mapped at: [0x0000000000000000-0x0000000000000000-0x0000000000000000), size 0, SharedBaseAddress: 0x0000000800000000, ArchiveRelocationMode: 0.
Narrow klass base: 0x0000000000000000, Narrow klass shift: 0, Narrow klass range: 0x0

GC Precious Log:
<Empty>

Heap:
 garbage-first heap   total 0K, used 0K [0x0000000600c00000, 0x0000000800000000)
  region size 4096K, 0 young (0K), 0 survivors (0K)

[error occurred during error reporting (printing heap information), id 0xc0000005, EXCEPTION_ACCESS_VIOLATION (0xc0000005) at pc=0x00007fff52508d89]

GC Heap History (0 events):
No events

Deoptimization events (0 events):
No events

Classes unloaded (0 events):
No events

Classes redefined (0 events):
No events

Internal exceptions (0 events):
No events

VM Operations (0 events):
No events

Events (1 events):
Event: 0.007 Loaded shared library C:\Program Files\Java\jdk-17.0.1\bin\java.dll


Dynamic libraries:
0x00007ff697c90000 - 0x00007ff697ca0000 	C:\Program Files\Java\jdk-17.0.1\bin\java.exe
0x00007fff925b0000 - 0x00007fff927a5000 	C:\WINDOWS\SYSTEM32\ntdll.dll
0x00007fff921a0000 - 0x00007fff9225e000 	C:\WINDOWS\System32\KERNEL32.DLL
0x00007fff90320000 - 0x00007fff905e8000 	C:\WINDOWS\System32\KERNELBASE.dll
0x00007fff8fcf0000 - 0x00007fff8fdf0000 	C:\WINDOWS\System32\ucrtbase.dll
0x00007fff73270000 - 0x00007fff73288000 	C:\Program Files\Java\jdk-17.0.1\bin\jli.dll
0x00007fff90d60000 - 0x00007fff90e0e000 	C:\WINDOWS\System32\ADVAPI32.dll
0x00007fff90cc0000 - 0x00007fff90d5e000 	C:\WINDOWS\System32\msvcrt.dll
0x00007fff906c0000 - 0x00007fff9075c000 	C:\WINDOWS\System32\sechost.dll
0x00007fff72720000 - 0x00007fff7273a000 	C:\Program Files\Java\jdk-17.0.1\bin\VCRUNTIME140.dll
0x00007fff91f60000 - 0x00007fff92085000 	C:\WINDOWS\System32\RPCRT4.dll
0x00007fff917c0000 - 0x00007fff91961000 	C:\WINDOWS\System32\USER32.dll
0x00007fff8fcc0000 - 0x00007fff8fce2000 	C:\WINDOWS\System32\win32u.dll
0x00007fff7e610000 - 0x00007fff7e8aa000 	C:\WINDOWS\WinSxS\amd64_microsoft.windows.common-controls_6595b64144ccf1df_6.0.19041.1110_none_60b5254171f9507e\COMCTL32.dll
0x00007fff920f0000 - 0x00007fff9211b000 	C:\WINDOWS\System32\GDI32.dll
0x00007fff8ff50000 - 0x00007fff9005d000 	C:\WINDOWS\System32\gdi32full.dll
0x00007fff90060000 - 0x00007fff900fd000 	C:\WINDOWS\System32\msvcp_win.dll
0x00007fff88cb0000 - 0x00007fff88cba000 	C:\WINDOWS\SYSTEM32\VERSION.dll
0x00007fff90be0000 - 0x00007fff90c10000 	C:\WINDOWS\System32\IMM32.DLL
0x00007fff7a480000 - 0x00007fff7a48c000 	C:\Program Files\Java\jdk-17.0.1\bin\vcruntime140_1.dll
0x00007fff6bc10000 - 0x00007fff6bc9d000 	C:\Program Files\Java\jdk-17.0.1\bin\msvcp140.dll
0x00007fff51e40000 - 0x00007fff529fe000 	C:\Program Files\Java\jdk-17.0.1\bin\server\jvm.dll
0x00007fff92310000 - 0x00007fff92318000 	C:\WINDOWS\System32\PSAPI.DLL
0x00007fff86c50000 - 0x00007fff86c77000 	C:\WINDOWS\SYSTEM32\WINMM.dll
0x00007fff8b170000 - 0x00007fff8b179000 	C:\WINDOWS\SYSTEM32\WSOCK32.dll
0x00007fff92320000 - 0x00007fff9238b000 	C:\WINDOWS\System32\WS2_32.dll
0x00007fff8dbd0000 - 0x00007fff8dbe2000 	C:\WINDOWS\SYSTEM32\kernel.appcore.dll
0x00007fff791b0000 - 0x00007fff791ba000 	C:\Program Files\Java\jdk-17.0.1\bin\jimage.dll
0x00007fff87ab0000 - 0x00007fff87c94000 	C:\WINDOWS\SYSTEM32\DBGHELP.DLL
0x00007fff81360000 - 0x00007fff8138c000 	C:\WINDOWS\SYSTEM32\dbgcore.DLL
0x00007fff90100000 - 0x00007fff90182000 	C:\WINDOWS\System32\bcryptPrimitives.dll
0x00007fff728f0000 - 0x00007fff728fe000 	C:\Program Files\Java\jdk-17.0.1\bin\instrument.dll
0x00007fff72440000 - 0x00007fff72465000 	C:\Program Files\Java\jdk-17.0.1\bin\java.dll

dbghelp: loaded successfully - version: 4.0.5 - missing functions: none
symbol engine: initialized successfully - sym options: 0x614 - pdb path: .;C:\Program Files\Java\jdk-17.0.1\bin;C:\WINDOWS\SYSTEM32;C:\WINDOWS\WinSxS\amd64_microsoft.windows.common-controls_6595b64144ccf1df_6.0.19041.1110_none_60b5254171f9507e;C:\Program Files\Java\jdk-17.0.1\bin\server

VM Arguments:
jvm_args: -javaagent:C:\Users\lambr\AppData\Local\JetBrains\Toolbox\apps\IDEA-C\ch-0\203.8084.24\lib\idea_rt.jar=49916:C:\Users\lambr\AppData\Local\JetBrains\Toolbox\apps\IDEA-C\ch-0\203.8084.24\bin -Dfile.encoding=UTF-8 
java_command: Main
java_class_path (initial): C:\Users\lambr\Desktop\WEKA\out\production\WEKA
Launcher Type: SUN_STANDARD

[Global flags]
     intx CICompilerCount                          = 12                                        {product} {ergonomic}
     uint ConcGCThreads                            = 3                                         {product} {ergonomic}
     uint G1ConcRefinementThreads                  = 13                                        {product} {ergonomic}
   size_t G1HeapRegionSize                         = 4194304                                   {product} {ergonomic}
    uintx GCDrainStackTargetSize                   = 64                                        {product} {ergonomic}
   size_t InitialHeapSize                          = 536870912                                 {product} {ergonomic}
   size_t MarkStackSize                            = 4194304                                   {product} {ergonomic}
   size_t MaxHeapSize                              = 8577351680                                {product} {ergonomic}
   size_t MinHeapDeltaBytes                        = 4194304                                   {product} {ergonomic}
   size_t MinHeapSize                              = 8388608                                   {product} {ergonomic}
    uintx NonNMethodCodeHeapSize                   = 7602480                                {pd product} {ergonomic}
    uintx NonProfiledCodeHeapSize                  = 122027880                              {pd product} {ergonomic}
    uintx ProfiledCodeHeapSize                     = 122027880                              {pd product} {ergonomic}
    uintx ReservedCodeCacheSize                    = 251658240                              {pd product} {ergonomic}
     bool SegmentedCodeCache                       = true                                      {product} {ergonomic}
   size_t SoftMaxHeapSize                          = 8577351680                             {manageable} {ergonomic}
     bool UseCompressedClassPointers               = true                           {product lp64_product} {ergonomic}
     bool UseCompressedOops                        = true                           {product lp64_product} {ergonomic}
     bool UseG1GC                                  = true                                      {product} {ergonomic}
     bool UseLargePagesIndividualAllocation        = false                                  {pd product} {ergonomic}

Logging:
Log output configuration:
 #0: stdout all=warning uptime,level,tags
 #1: stderr all=off uptime,level,tags

Environment Variables:
PATH=C:\Program Files\Common Files\Oracle\Java\javapath;C:\Program Files (x86)\Razer Chroma SDK\bin;C:\Program Files\Razer Chroma SDK\bin;C:\Program Files (x86)\Razer\ChromaBroadcast\bin;C:\Program Files\Razer\ChromaBroadcast\bin;C:\Program Files (x86)\Google\Chrome\Application;C:\Windows\system32;C:\Windows;C:\Windows\System32\Wbem;C:\Windows\System32\WindowsPowerShell\v1.0\;C:\Windows\System32\OpenSSH\;C:\Users\lambr\AppData\Local\Microsoft\WindowsApps;C:\WINDOWS\system32;C:\WINDOWS;C:\WINDOWS\System32\Wbem;C:\WINDOWS\System32\WindowsPowerShell\v1.0\;C:\WINDOWS\System32\OpenSSH\;C:\Program Files\dotnet\;C:\Program Files\Graphviz 2.44.1\bin;C:\Program Files\Microsoft SQL Server\130\Tools\Binn\;C:\Program Files (x86)\Graphviz 2.44.1\bin;C:\flexbison;C:\Program Files\MongoDB\Server\4.4\bin;C:\Program Files\MongoDB\Tools\100\bin;C:\Program Files\gnuplot\bin;C:\Program Files (x86)\dotnet\;C:\Program Files\Git\cmd;C:\Program Files\apache-maven-3.6.3\bin;C:\MinGW\bin;C:\MinGW\msys\1.0\bin;C:\MinGW\bin;C:\MinGW\msys\1.0\bin;C:\PHP7;C:\Users\lambr\AppData\Local\Programs\Python\Python39\Scripts\;C:\Users\lambr\AppData\Local\Programs\Python\Python39\;C:\Users\lambr\AppData\Local\Microsoft\WindowsApps;C:\Users\lambr\.dotnet\tools;C:\Users\lambr\AppData\Local\Programs\Microsoft VS Code\bin
USERNAME=Lambros
OS=Windows_NT
PROCESSOR_IDENTIFIER=AMD64 Family 23 Model 113 Stepping 0, AuthenticAMD



---------------  S Y S T E M  ---------------

OS:
 Windows 10 , 64 bit Build 19041 (10.0.19041.1466)
OS uptime: 0 days 3:39 hours

CPU: total 16 (initial active 16) (16 cores per cpu, 2 threads per core) family 23 model 113 stepping 0 microcode 0x0, cx8, cmov, fxsr, ht, mmx, 3dnowpref, sse, sse2, sse3, ssse3, sse4a, sse4.1, sse4.2, popcnt, lzcnt, tsc, tscinvbit, avx, avx2, aes, clmul, bmi1, bmi2, adx, sha, fma, vzeroupper, clflush, clflushopt

Memory: 4k page, system-wide physical 32716M (2760M free)
TotalPageFile size 37701M (AvailPageFile size 287M)
current process WorkingSet (physical memory assigned to process): 11M, peak: 11M
current process commit charge ("private bytes"): 70M, peak: 582M

vm_info: Java HotSpot(TM) 64-Bit Server VM (17.0.1+12-LTS-39) for windows-amd64 JRE (17.0.1+12-LTS-39), built on Sep 27 2021 18:41:35 by "mach5one" with MS VC++ 16.8 (VS2019)

END.
